INFO 2025-03-17 10:48:52,637 views 19012 1172 User logged in: (bassim@ur)
INFO 2025-03-17 12:17:19,522 views 19012 13380 User logged in: (bassim@ur)
INFO 2025-03-17 12:25:37,787 views 19012 6736 User logged in: (bassim@ur)
INFO 2025-03-17 13:05:03,642 views 7824 5340 Created new Incident instance(s)
INFO 2025-03-17 13:10:26,663 views 8804 16920 Created new Incident instance(s)
INFO 2025-03-17 13:10:26,841 views 8804 1184 Created new Incident instance(s)
INFO 2025-03-17 13:10:26,977 views 8804 15488 Created new Incident instance(s)
INFO 2025-03-17 13:10:27,126 views 8804 17356 Created new Incident instance(s)
INFO 2025-03-17 13:10:27,254 views 8804 12100 Created new Incident instance(s)
INFO 2025-03-17 13:10:27,456 views 8804 16608 Created new Incident instance(s)
INFO 2025-03-17 13:10:27,569 views 8804 1316 Created new Incident instance(s)
INFO 2025-03-17 13:10:27,690 views 8804 9580 Created new Incident instance(s)
INFO 2025-03-17 13:10:27,873 views 8804 14972 Created new Incident instance(s)
INFO 2025-03-17 13:10:27,993 views 8804 17764 Created new Incident instance(s)
INFO 2025-03-17 13:10:28,110 views 8804 14356 Created new Incident instance(s)
INFO 2025-03-17 13:10:28,211 views 8804 18264 Created new Incident instance(s)
INFO 2025-03-17 13:10:28,318 views 8804 14424 Created new Incident instance(s)
INFO 2025-03-17 13:10:28,437 views 8804 20380 Created new Incident instance(s)
INFO 2025-03-17 13:10:28,546 views 8804 9728 Created new Incident instance(s)
INFO 2025-03-17 13:10:28,655 views 8804 20300 Created new Incident instance(s)
INFO 2025-03-17 13:10:57,810 views 8804 12908 Retrieved list of Incident
ERROR 2025-03-17 13:19:29,191 views 16616 2552 Invalid data provided: {'accident_description': [ErrorDetail(string='This field may not be blank.', code='blank')]}
ERROR 2025-03-17 13:19:29,296 views 16616 19348 Invalid data provided: {'investigating_body': [ErrorDetail(string='This field may not be blank.', code='blank')]}
ERROR 2025-03-17 13:19:59,130 views 16616 14132 Invalid data provided: {'accident_description': [ErrorDetail(string='This field may not be blank.', code='blank')]}
ERROR 2025-03-17 13:19:59,342 views 16616 11480 Invalid data provided: {'investigating_body': [ErrorDetail(string='This field may not be blank.', code='blank')]}
ERROR 2025-03-17 13:20:29,113 views 16616 1848 Invalid data provided: {'accident_description': [ErrorDetail(string='This field may not be blank.', code='blank')]}
ERROR 2025-03-17 13:20:29,234 views 16616 8648 Invalid data provided: {'investigating_body': [ErrorDetail(string='This field may not be blank.', code='blank')]}
ERROR 2025-03-17 13:20:59,144 views 16616 14796 Invalid data provided: {'accident_description': [ErrorDetail(string='This field may not be blank.', code='blank')]}
ERROR 2025-03-17 13:20:59,261 views 16616 15984 Invalid data provided: {'investigating_body': [ErrorDetail(string='This field may not be blank.', code='blank')]}
ERROR 2025-03-17 13:21:29,163 views 16616 19676 Invalid data provided: {'accident_description': [ErrorDetail(string='This field may not be blank.', code='blank')]}
ERROR 2025-03-17 13:21:29,276 views 16616 10720 Invalid data provided: {'investigating_body': [ErrorDetail(string='This field may not be blank.', code='blank')]}
ERROR 2025-03-17 13:21:59,347 views 16616 5196 Invalid data provided: {'accident_description': [ErrorDetail(string='This field may not be blank.', code='blank')]}
ERROR 2025-03-17 13:21:59,474 views 16616 19256 Invalid data provided: {'investigating_body': [ErrorDetail(string='This field may not be blank.', code='blank')]}
ERROR 2025-03-17 13:22:29,123 views 16616 11544 Invalid data provided: {'accident_description': [ErrorDetail(string='This field may not be blank.', code='blank')]}
ERROR 2025-03-17 13:22:29,225 views 16616 10028 Invalid data provided: {'investigating_body': [ErrorDetail(string='This field may not be blank.', code='blank')]}
ERROR 2025-03-17 13:22:59,166 views 16616 8300 Invalid data provided: {'accident_description': [ErrorDetail(string='This field may not be blank.', code='blank')]}
ERROR 2025-03-17 13:22:59,268 views 16616 7444 Invalid data provided: {'investigating_body': [ErrorDetail(string='This field may not be blank.', code='blank')]}
ERROR 2025-03-17 13:23:29,147 views 16616 18736 Invalid data provided: {'accident_description': [ErrorDetail(string='This field may not be blank.', code='blank')]}
ERROR 2025-03-17 13:23:29,263 views 16616 11480 Invalid data provided: {'investigating_body': [ErrorDetail(string='This field may not be blank.', code='blank')]}
ERROR 2025-03-17 13:24:07,863 views 16616 8112 Invalid data provided: {'accident_description': [ErrorDetail(string='This field may not be blank.', code='blank')]}
ERROR 2025-03-17 13:24:08,057 views 16616 3620 Invalid data provided: {'investigating_body': [ErrorDetail(string='This field may not be blank.', code='blank')]}
INFO 2025-03-17 13:46:40,379 views 16616 1756 Retrieved list of Incident
INFO 2025-03-18 08:30:58,364 views 5292 13592 Retrieved list of Evidence
INFO 2025-03-18 08:31:01,933 views 5292 13592 Created new Evidence instance(s)
INFO 2025-03-18 08:37:51,208 views 7780 348 Created new InspectionForm instance(s)
INFO 2025-03-18 08:40:24,084 views 7780 18240 Created new InspectionForm instance(s)
INFO 2025-03-18 08:44:17,761 views 3648 19460 Retrieved list of InspectionForm
ERROR 2025-03-18 08:44:58,708 views 3648 19460 Invalid data provided: {'uuid': [ErrorDetail(string='inspection form with this uuid already exists.', code='unique')]}
ERROR 2025-03-18 08:45:05,036 views 3648 19460 Invalid data provided: {'uuid': [ErrorDetail(string='inspection form with this uuid already exists.', code='unique')]}
INFO 2025-03-18 08:45:29,563 views 3648 19460 Created new InspectionForm instance(s)
ERROR 2025-03-18 08:47:57,623 views 3648 6464 Invalid data provided: {'accident_description': [ErrorDetail(string='This field may not be blank.', code='blank')]}
ERROR 2025-03-18 08:47:57,912 views 3648 12336 Invalid data provided: {'investigating_body': [ErrorDetail(string='This field may not be blank.', code='blank')]}
INFO 2025-03-18 08:47:58,070 views 3648 1584 Created new Incident instance(s)
ERROR 2025-03-18 08:51:16,040 views 5556 8004 Invalid data provided: {'accident_description': [ErrorDetail(string='This field may not be blank.', code='blank')]}
ERROR 2025-03-18 08:51:16,164 views 5556 13916 Invalid data provided: {'investigating_body': [ErrorDetail(string='This field may not be blank.', code='blank')]}
INFO 2025-03-18 08:54:05,548 views 208 14508 Retrieved list of Incident
ERROR 2025-03-18 08:54:06,395 views 208 6832 Invalid data provided: {'accident_description': [ErrorDetail(string='This field may not be blank.', code='blank')]}
ERROR 2025-03-18 08:54:06,540 views 208 20396 Invalid data provided: {'investigating_body': [ErrorDetail(string='This field may not be blank.', code='blank')]}
INFO 2025-03-18 08:54:23,925 views 208 14508 Retrieved list of Incident
INFO 2025-03-18 08:54:32,670 views 208 14508 Retrieved list of Incident
INFO 2025-03-18 08:57:51,026 views 13672 7636 Created new Evidence instance(s)
INFO 2025-03-18 09:02:54,728 views 19488 2060 Created new Complaint instance(s)
INFO 2025-03-18 09:38:40,191 views 10640 19868 User logged in: (bassim@ur)
INFO 2025-03-18 09:39:28,791 views 10640 2072 Created new Incident instance(s)
INFO 2025-03-18 09:40:12,485 views 10640 11704 Created new Incident instance(s)
INFO 2025-03-18 09:44:25,126 views 10640 4604 Created new Incident instance(s)
INFO 2025-03-18 09:44:25,267 views 10640 2644 Created new Incident instance(s)
INFO 2025-03-18 09:44:25,400 views 10640 18012 Created new Incident instance(s)
INFO 2025-03-18 09:44:25,537 views 10640 16920 Created new Incident instance(s)
INFO 2025-03-18 09:45:11,066 views 10640 4224 Retrieved list of Incident
INFO 2025-03-18 09:46:59,795 views 10640 17524 Created new Incident instance(s)
ERROR 2025-03-18 09:47:41,770 views 10640 10320 Invalid data provided: {'uuid': [ErrorDetail(string='incident with this uuid already exists.', code='unique')]}
ERROR 2025-03-18 09:48:06,391 views 10640 5760 Invalid data provided: {'uuid': [ErrorDetail(string='incident with this uuid already exists.', code='unique')]}
INFO 2025-03-18 09:50:33,411 views 10640 14708 Created new Incident instance(s)
ERROR 2025-03-18 09:50:49,697 views 10640 2724 Invalid data provided: {'uuid': [ErrorDetail(string='incident with this uuid already exists.', code='unique')]}
ERROR 2025-03-18 09:50:49,797 views 10640 4860 Invalid data provided: {'uuid': [ErrorDetail(string='incident with this uuid already exists.', code='unique')]}
INFO 2025-03-18 09:50:50,819 views 10640 12216 Retrieved list of Incident
INFO 2025-03-18 11:30:50,720 views 15304 9128 Created new Incident instance(s)
INFO 2025-03-18 11:30:51,605 views 15304 12728 Created new InspectionForm instance(s)
INFO 2025-03-18 11:30:51,724 views 15304 12468 Created new InspectionForm instance(s)
INFO 2025-03-18 11:30:51,853 views 15304 17532 Created new InspectionForm instance(s)
INFO 2025-03-18 11:30:51,979 views 15304 13056 Created new InspectionForm instance(s)
INFO 2025-03-18 11:30:52,108 views 15304 2140 Created new InspectionForm instance(s)
INFO 2025-03-18 11:30:52,230 views 15304 7596 Created new InspectionForm instance(s)
INFO 2025-03-18 11:30:52,668 views 15304 11616 Created new InspectionForm instance(s)
INFO 2025-03-18 11:30:53,242 views 15304 6600 Created new InspectionForm instance(s)
INFO 2025-03-18 11:30:53,375 views 15304 10368 Created new InspectionForm instance(s)
INFO 2025-03-18 11:30:53,497 views 15304 20408 Created new InspectionForm instance(s)
INFO 2025-03-18 11:30:53,610 views 15304 8576 Created new InspectionForm instance(s)
INFO 2025-03-18 11:30:53,722 views 15304 2212 Created new InspectionForm instance(s)
INFO 2025-03-18 11:31:08,223 views 15304 15516 Retrieved list of InspectionForm
INFO 2025-03-18 11:31:40,812 views 15304 15516 Retrieved list of InspectionForm
INFO 2025-03-18 11:32:26,881 views 15304 15516 Retrieved list of Incident
INFO 2025-03-18 11:32:36,891 views 15304 15516 Retrieved list of Evidence
INFO 2025-03-18 11:38:52,423 views 15304 13300 Created new Evidence instance(s)
INFO 2025-03-18 11:38:52,541 views 15304 4504 Created new Evidence instance(s)
INFO 2025-03-18 11:38:52,652 views 15304 20432 Created new Evidence instance(s)
INFO 2025-03-18 11:38:52,750 views 15304 7596 Created new Evidence instance(s)
INFO 2025-03-18 11:38:52,837 views 15304 11584 Created new Evidence instance(s)
INFO 2025-03-18 11:38:52,933 views 15304 1940 Created new Evidence instance(s)
INFO 2025-03-18 11:38:53,142 views 15304 10940 Created new Evidence instance(s)
INFO 2025-03-18 11:38:53,224 views 15304 13712 Created new Evidence instance(s)
INFO 2025-03-18 11:38:54,234 views 15304 15132 Created new InspectionForm instance(s)
INFO 2025-03-18 11:38:54,343 views 15304 11360 Created new InspectionForm instance(s)
INFO 2025-03-18 11:38:54,450 views 15304 556 Created new InspectionForm instance(s)
INFO 2025-03-18 11:38:54,553 views 15304 13276 Created new InspectionForm instance(s)
INFO 2025-03-18 11:38:54,759 views 15304 16740 Created new InspectionForm instance(s)
INFO 2025-03-18 11:38:54,877 views 15304 12628 Created new InspectionForm instance(s)
INFO 2025-03-18 11:38:54,968 views 15304 14788 Created new InspectionForm instance(s)
INFO 2025-03-18 11:38:55,080 views 15304 9436 Created new InspectionForm instance(s)
INFO 2025-03-18 11:39:04,054 views 15304 8580 Retrieved list of Evidence
INFO 2025-03-18 11:39:46,417 views 15304 8580 Retrieved list of InspectionForm
INFO 2025-03-18 11:40:12,284 views 15304 8580 Retrieved list of InspectionForm
INFO 2025-03-18 11:40:16,261 views 15304 8580 Retrieved list of InspectionForm
INFO 2025-03-18 11:40:42,994 views 15304 8580 Retrieved list of InspectionForm
INFO 2025-03-18 11:41:00,082 views 15304 8580 Retrieved list of InspectionForm
INFO 2025-03-18 11:42:14,178 views 15304 17212 Created new Evidence instance(s)
INFO 2025-03-18 11:42:14,291 views 15304 8956 Created new Evidence instance(s)
INFO 2025-03-18 11:42:14,397 views 15304 7068 Created new Evidence instance(s)
INFO 2025-03-18 11:42:15,390 views 15304 13352 Created new InspectionForm instance(s)
INFO 2025-03-18 11:42:15,484 views 15304 12476 Created new InspectionForm instance(s)
INFO 2025-03-18 11:42:15,583 views 15304 17624 Created new InspectionForm instance(s)
INFO 2025-03-18 11:42:40,023 views 15304 18752 Retrieved list of InspectionForm
INFO 2025-03-18 11:53:46,391 views 15304 19216 Retrieved list of InspectionForm
INFO 2025-03-18 11:53:51,422 views 15304 19216 Retrieved list of InspectionForm
INFO 2025-03-18 11:54:43,517 views 15304 6716 Created new Evidence instance(s)
INFO 2025-03-18 11:54:43,639 views 15304 348 Created new Evidence instance(s)
INFO 2025-03-18 11:54:44,078 views 15304 10408 Created new InspectionForm instance(s)
INFO 2025-03-18 11:54:44,202 views 15304 18488 Created new InspectionForm instance(s)
INFO 2025-03-18 12:05:49,728 views 13540 15048 Created new Incident instance(s)
INFO 2025-03-18 12:05:50,175 views 13540 8200 Created new Evidence instance(s)
INFO 2025-03-18 12:05:50,271 views 13540 2908 Created new Evidence instance(s)
INFO 2025-03-18 12:05:50,689 views 13540 9408 Created new InspectionForm instance(s)
INFO 2025-03-18 12:05:50,787 views 13540 6884 Created new InspectionForm instance(s)
INFO 2025-03-18 12:05:57,302 views 13540 15924 Retrieved list of InspectionForm
INFO 2025-03-18 12:06:13,639 views 13540 15924 Retrieved list of Evidence
INFO 2025-03-18 12:13:10,051 views 19472 2632 Created new Evidence instance(s)
INFO 2025-03-18 12:13:10,174 views 19472 12100 Created new Evidence instance(s)
INFO 2025-03-18 12:13:10,290 views 19472 18508 Created new Evidence instance(s)
INFO 2025-03-18 12:13:10,397 views 19472 16880 Created new Evidence instance(s)
INFO 2025-03-18 12:13:10,506 views 19472 18160 Created new Evidence instance(s)
INFO 2025-03-18 12:13:10,936 views 19472 16684 Created new InspectionForm instance(s)
INFO 2025-03-18 12:13:11,048 views 19472 19240 Created new InspectionForm instance(s)
INFO 2025-03-18 12:13:11,140 views 19472 19196 Created new InspectionForm instance(s)
INFO 2025-03-18 12:13:11,234 views 19472 17928 Created new InspectionForm instance(s)
INFO 2025-03-18 12:13:11,325 views 19472 1820 Created new InspectionForm instance(s)
INFO 2025-03-18 12:13:16,416 views 19472 8436 Retrieved list of Evidence
INFO 2025-03-18 12:13:27,389 views 19472 8436 Retrieved list of InspectionForm
